Determining if the pthread_create exist failed with the following output:
Change Dir: /tmp/tmp.Sx9ws9eKT0/cmake-build-debug/CMakeFiles/CMakeTmp

Run Build Command:"/usr/bin/make" "cmTC_90f52/fast"
/usr/bin/make -f CMakeFiles/cmTC_90f52.dir/build.make CMakeFiles/cmTC_90f52.dir/build
make[1]: Entering directory '/tmp/tmp.Sx9ws9eKT0/cmake-build-debug/CMakeFiles/CMakeTmp'
Building C object CMakeFiles/cmTC_90f52.dir/CheckSymbolExists.c.o
/usr/bin/cc    -o CMakeFiles/cmTC_90f52.dir/CheckSymbolExists.c.o   -c /tmp/tmp.Sx9ws9eKT0/cmake-build-debug/CMakeFiles/CMakeTmp/CheckSymbolExists.c
Linking C executable cmTC_90f52
/usr/bin/cmake -E cmake_link_script CMakeFiles/cmTC_90f52.dir/link.txt --verbose=1
/usr/bin/cc      -rdynamic CMakeFiles/cmTC_90f52.dir/CheckSymbolExists.c.o  -o cmTC_90f52 
CMakeFiles/cmTC_90f52.dir/CheckSymbolExists.c.o: In function `main':
CheckSymbolExists.c:(.text+0x1b): undefined reference to `pthread_create'
collect2: error: ld returned 1 exit status
CMakeFiles/cmTC_90f52.dir/build.make:97: recipe for target 'cmTC_90f52' failed
make[1]: *** [cmTC_90f52] Error 1
make[1]: Leaving directory '/tmp/tmp.Sx9ws9eKT0/cmake-build-debug/CMakeFiles/CMakeTmp'
Makefile:126: recipe for target 'cmTC_90f52/fast' failed
make: *** [cmTC_90f52/fast] Error 2

File /tmp/tmp.Sx9ws9eKT0/cmake-build-debug/CMakeFiles/CMakeTmp/CheckSymbolExists.c:
/* */
#include <pthread.h>

int main(int argc, char** argv)
{
  (void)argv;
#ifndef pthread_create
  return ((int*)(&pthread_create))[argc];
#else
  (void)argc;
  return 0;
#endif
}

Determining if the function pthread_create exists in the pthreads failed with the following output:
Change Dir: /tmp/tmp.Sx9ws9eKT0/cmake-build-debug/CMakeFiles/CMakeTmp

Run Build Command:"/usr/bin/make" "cmTC_a07f0/fast"
/usr/bin/make -f CMakeFiles/cmTC_a07f0.dir/build.make CMakeFiles/cmTC_a07f0.dir/build
make[1]: Entering directory '/tmp/tmp.Sx9ws9eKT0/cmake-build-debug/CMakeFiles/CMakeTmp'
Building C object CMakeFiles/cmTC_a07f0.dir/CheckFunctionExists.c.o
/usr/bin/cc   -DCHECK_FUNCTION_EXISTS=pthread_create   -o CMakeFiles/cmTC_a07f0.dir/CheckFunctionExists.c.o   -c /usr/share/cmake-3.10/Modules/CheckFunctionExists.c
Linking C executable cmTC_a07f0
/usr/bin/cmake -E cmake_link_script CMakeFiles/cmTC_a07f0.dir/link.txt --verbose=1
/usr/bin/cc  -DCHECK_FUNCTION_EXISTS=pthread_create    -rdynamic CMakeFiles/cmTC_a07f0.dir/CheckFunctionExists.c.o  -o cmTC_a07f0 -lpthreads 
/usr/bin/ld: cannot find -lpthreads
collect2: error: ld returned 1 exit status
CMakeFiles/cmTC_a07f0.dir/build.make:97: recipe for target 'cmTC_a07f0' failed
make[1]: *** [cmTC_a07f0] Error 1
make[1]: Leaving directory '/tmp/tmp.Sx9ws9eKT0/cmake-build-debug/CMakeFiles/CMakeTmp'
Makefile:126: recipe for target 'cmTC_a07f0/fast' failed
make: *** [cmTC_a07f0/fast] Error 2


Performing C SOURCE FILE Test HAVE_AVX512 failed with the following output:
Change Dir: /tmp/tmp.Sx9ws9eKT0/cmake-build-debug/CMakeFiles/CMakeTmp

Run Build Command:"/usr/bin/make" "cmTC_f2db3/fast"
/usr/bin/make -f CMakeFiles/cmTC_f2db3.dir/build.make CMakeFiles/cmTC_f2db3.dir/build
make[1]: Entering directory '/tmp/tmp.Sx9ws9eKT0/cmake-build-debug/CMakeFiles/CMakeTmp'
Building C object CMakeFiles/cmTC_f2db3.dir/src.c.o
/usr/bin/cc   -DHAVE_AVX512 -mavx512f -mavx512cd -mavx512bw -mavx512dq -DLV_HAVE_AVX512   -o CMakeFiles/cmTC_f2db3.dir/src.c.o   -c /tmp/tmp.Sx9ws9eKT0/cmake-build-debug/CMakeFiles/CMakeTmp/src.c
Linking C executable cmTC_f2db3
/usr/bin/cmake -E cmake_link_script CMakeFiles/cmTC_f2db3.dir/link.txt --verbose=1
/usr/bin/cc  -DHAVE_AVX512 -mavx512f -mavx512cd -mavx512bw -mavx512dq -DLV_HAVE_AVX512    -rdynamic CMakeFiles/cmTC_f2db3.dir/src.c.o  -o cmTC_f2db3 
make[1]: Leaving directory '/tmp/tmp.Sx9ws9eKT0/cmake-build-debug/CMakeFiles/CMakeTmp'

Return value: FAILED_TO_RUN
Source file was:

          #include <immintrin.h>
          int main()
          {
            __m512i a, b, c;
            const int src[16] = { 0x0, 0x1, 0x2, 0x3, 0x4, 0x5, 0x6, 0x7, 0x8 , 0x9, 0xA, 0xB, 0xC, 0xD, 0xE, 0xF};
            int dst[16];
            a =  _mm512_loadu_si512( (__m512i*)src );
            b =  _mm512_loadu_si512( (__m512i*)src );
            c = _mm512_add_epi32( a, b );
            _mm512_storeu_si512( (__m512i*)dst, c );
            int i = 0;
            for( i = 0; i < 16; i++ ){
              if( ( src[i] + src[i] ) != dst[i] ){
                return -1;
              }
            }
            return 0;
          }
Performing C++ SOURCE FILE Test HAVE_VISIBILITY_HIDDEN failed with the following output:
Change Dir: /tmp/tmp.Sx9ws9eKT0/cmake-build-debug/CMakeFiles/CMakeTmp

Run Build Command:"/usr/bin/make" "cmTC_f12a3/fast"
/usr/bin/make -f CMakeFiles/cmTC_f12a3.dir/build.make CMakeFiles/cmTC_f12a3.dir/build
make[1]: Entering directory '/tmp/tmp.Sx9ws9eKT0/cmake-build-debug/CMakeFiles/CMakeTmp'
Building CXX object CMakeFiles/cmTC_f12a3.dir/src.cxx.o
/usr/bin/c++    -Wall -Wno-comment -Wno-reorder -Wno-unused-but-set-variable -Wno-unused-variable -Wtype-limits -std=c++11 -march=native -mfpmath=sse -mavx2 -DLV_HAVE_AVX2 -DLV_HAVE_AVX -DLV_HAVE_SSE -ggdb -O0 -DDEBUG_MODE -DBUILD_TYPE_DEBUG -DUSE_GLIBC_IPV6 -DHAVE_VISIBILITY_HIDDEN  -Wall -Wno-comment -Wno-write-strings -Winline -Wno-unused-result -Wformat -Wmissing-field-initializers -Wtype-limits -std=c99 -D_GNU_SOURCE -ggdb -O0 -DDEBUG_MODE -DBUILD_TYPE_DEBUG -march=native -mfpmath=sse -mavx2 -DLV_HAVE_AVX2 -DLV_HAVE_AVX -DLV_HAVE_SSE -mfma -DLV_HAVE_FMA   -fvisibility=hidden -o CMakeFiles/cmTC_f12a3.dir/src.cxx.o -c /tmp/tmp.Sx9ws9eKT0/cmake-build-debug/CMakeFiles/CMakeTmp/src.cxx
cc1plus: warning: command line option '-std=c99' is valid for C/ObjC but not for C++
Linking CXX executable cmTC_f12a3
/usr/bin/cmake -E cmake_link_script CMakeFiles/cmTC_f12a3.dir/link.txt --verbose=1
/usr/bin/c++   -Wall -Wno-comment -Wno-reorder -Wno-unused-but-set-variable -Wno-unused-variable -Wtype-limits -std=c++11 -march=native -mfpmath=sse -mavx2 -DLV_HAVE_AVX2 -DLV_HAVE_AVX -DLV_HAVE_SSE -ggdb -O0 -DDEBUG_MODE -DBUILD_TYPE_DEBUG -DUSE_GLIBC_IPV6 -DHAVE_VISIBILITY_HIDDEN  -Wall -Wno-comment -Wno-write-strings -Winline -Wno-unused-result -Wformat -Wmissing-field-initializers -Wtype-limits -std=c99 -D_GNU_SOURCE -ggdb -O0 -DDEBUG_MODE -DBUILD_TYPE_DEBUG -march=native -mfpmath=sse -mavx2 -DLV_HAVE_AVX2 -DLV_HAVE_AVX -DLV_HAVE_SSE -mfma -DLV_HAVE_FMA    -rdynamic CMakeFiles/cmTC_f12a3.dir/src.cxx.o  -o cmTC_f12a3 
make[1]: Leaving directory '/tmp/tmp.Sx9ws9eKT0/cmake-build-debug/CMakeFiles/CMakeTmp'

Source file was:
int main() { return 0; }
