Determining if the pthread_create exist failed with the following output:
Change Dir: /home/ggarcia/srsLTE/build/CMakeFiles/CMakeTmp

Run Build Command:"/usr/bin/make" "cmTC_94e85/fast"
/usr/bin/make -f CMakeFiles/cmTC_94e85.dir/build.make CMakeFiles/cmTC_94e85.dir/build
make[1]: Entering directory '/home/ggarcia/srsLTE/build/CMakeFiles/CMakeTmp'
Building C object CMakeFiles/cmTC_94e85.dir/CheckSymbolExists.c.o
/usr/bin/cc    -o CMakeFiles/cmTC_94e85.dir/CheckSymbolExists.c.o   -c /home/ggarcia/srsLTE/build/CMakeFiles/CMakeTmp/CheckSymbolExists.c
Linking C executable cmTC_94e85
/usr/bin/cmake -E cmake_link_script CMakeFiles/cmTC_94e85.dir/link.txt --verbose=1
/usr/bin/cc      -rdynamic CMakeFiles/cmTC_94e85.dir/CheckSymbolExists.c.o  -o cmTC_94e85 
CMakeFiles/cmTC_94e85.dir/CheckSymbolExists.c.o: In function `main':
CheckSymbolExists.c:(.text+0x1b): undefined reference to `pthread_create'
collect2: error: ld returned 1 exit status
CMakeFiles/cmTC_94e85.dir/build.make:97: recipe for target 'cmTC_94e85' failed
make[1]: *** [cmTC_94e85] Error 1
make[1]: Leaving directory '/home/ggarcia/srsLTE/build/CMakeFiles/CMakeTmp'
Makefile:126: recipe for target 'cmTC_94e85/fast' failed
make: *** [cmTC_94e85/fast] Error 2

File /home/ggarcia/srsLTE/build/CMakeFiles/CMakeTmp/CheckSymbolExists.c:
/* */
#include <pthread.h>

int main(int argc, char** argv)
{
  (void)argv;
#ifndef pthread_create
  return ((int*)(&pthread_create))[argc];
#else
  (void)argc;
  return 0;
#endif
}

Determining if the function pthread_create exists in the pthreads failed with the following output:
Change Dir: /home/ggarcia/srsLTE/build/CMakeFiles/CMakeTmp

Run Build Command:"/usr/bin/make" "cmTC_7a2cd/fast"
/usr/bin/make -f CMakeFiles/cmTC_7a2cd.dir/build.make CMakeFiles/cmTC_7a2cd.dir/build
make[1]: Entering directory '/home/ggarcia/srsLTE/build/CMakeFiles/CMakeTmp'
Building C object CMakeFiles/cmTC_7a2cd.dir/CheckFunctionExists.c.o
/usr/bin/cc   -DCHECK_FUNCTION_EXISTS=pthread_create   -o CMakeFiles/cmTC_7a2cd.dir/CheckFunctionExists.c.o   -c /usr/share/cmake-3.10/Modules/CheckFunctionExists.c
Linking C executable cmTC_7a2cd
/usr/bin/cmake -E cmake_link_script CMakeFiles/cmTC_7a2cd.dir/link.txt --verbose=1
/usr/bin/cc  -DCHECK_FUNCTION_EXISTS=pthread_create    -rdynamic CMakeFiles/cmTC_7a2cd.dir/CheckFunctionExists.c.o  -o cmTC_7a2cd -lpthreads 
/usr/bin/ld: cannot find -lpthreads
collect2: error: ld returned 1 exit status
CMakeFiles/cmTC_7a2cd.dir/build.make:97: recipe for target 'cmTC_7a2cd' failed
make[1]: *** [cmTC_7a2cd] Error 1
make[1]: Leaving directory '/home/ggarcia/srsLTE/build/CMakeFiles/CMakeTmp'
Makefile:126: recipe for target 'cmTC_7a2cd/fast' failed
make: *** [cmTC_7a2cd/fast] Error 2


Performing C SOURCE FILE Test HAVE_AVX512 failed with the following output:
Change Dir: /home/ggarcia/srsLTE/build/CMakeFiles/CMakeTmp

Run Build Command:"/usr/bin/make" "cmTC_606b2/fast"
/usr/bin/make -f CMakeFiles/cmTC_606b2.dir/build.make CMakeFiles/cmTC_606b2.dir/build
make[1]: Entering directory '/home/ggarcia/srsLTE/build/CMakeFiles/CMakeTmp'
Building C object CMakeFiles/cmTC_606b2.dir/src.c.o
/usr/bin/cc   -DHAVE_AVX512 -mavx512f -mavx512cd -mavx512bw -mavx512dq -DLV_HAVE_AVX512   -o CMakeFiles/cmTC_606b2.dir/src.c.o   -c /home/ggarcia/srsLTE/build/CMakeFiles/CMakeTmp/src.c
Linking C executable cmTC_606b2
/usr/bin/cmake -E cmake_link_script CMakeFiles/cmTC_606b2.dir/link.txt --verbose=1
/usr/bin/cc  -DHAVE_AVX512 -mavx512f -mavx512cd -mavx512bw -mavx512dq -DLV_HAVE_AVX512    -rdynamic CMakeFiles/cmTC_606b2.dir/src.c.o  -o cmTC_606b2 
make[1]: Leaving directory '/home/ggarcia/srsLTE/build/CMakeFiles/CMakeTmp'

Return value: FAILED_TO_RUN
Source file was:

          #include <immintrin.h>
          int main()
          {
            __m512i a, b, c;
            const int src[16] = { 0x0, 0x1, 0x2, 0x3, 0x4, 0x5, 0x6, 0x7, 0x8 , 0x9, 0xA, 0xB, 0xC, 0xD, 0xE, 0xF};
            int dst[16];
            a =  _mm512_loadu_si512( (__m512i*)src );
            b =  _mm512_loadu_si512( (__m512i*)src );
            c = _mm512_add_epi32( a, b );
            _mm512_storeu_si512( (__m512i*)dst, c );
            int i = 0;
            for( i = 0; i < 16; i++ ){
              if( ( src[i] + src[i] ) != dst[i] ){
                return -1;
              }
            }
            return 0;
          }
Performing C++ SOURCE FILE Test HAVE_VISIBILITY_HIDDEN failed with the following output:
Change Dir: /home/ggarcia/srsLTE/build/CMakeFiles/CMakeTmp

Run Build Command:"/usr/bin/make" "cmTC_1944e/fast"
/usr/bin/make -f CMakeFiles/cmTC_1944e.dir/build.make CMakeFiles/cmTC_1944e.dir/build
make[1]: Entering directory '/home/ggarcia/srsLTE/build/CMakeFiles/CMakeTmp'
Building CXX object CMakeFiles/cmTC_1944e.dir/src.cxx.o
/usr/bin/c++    -Wall -Wno-comment -Wno-reorder -Wno-unused-but-set-variable -Wno-unused-variable -Wtype-limits -std=c++11 -march=native -mfpmath=sse -mavx2 -DLV_HAVE_AVX2 -DLV_HAVE_AVX -DLV_HAVE_SSE -O3 -fno-trapping-math -fno-math-errno -DBUILD_TYPE_RELEASE -DUSE_GLIBC_IPV6 -DHAVE_VISIBILITY_HIDDEN  -Wall -Wno-comment -Wno-write-strings -Winline -Wno-unused-result -Wformat -Wmissing-field-initializers -Wtype-limits -std=c99 -D_GNU_SOURCE -O3 -fno-trapping-math -fno-math-errno -DBUILD_TYPE_RELEASE -march=native -mfpmath=sse -mavx2 -DLV_HAVE_AVX2 -DLV_HAVE_AVX -DLV_HAVE_SSE -mfma -DLV_HAVE_FMA -Ofast -funroll-loops   -fvisibility=hidden -o CMakeFiles/cmTC_1944e.dir/src.cxx.o -c /home/ggarcia/srsLTE/build/CMakeFiles/CMakeTmp/src.cxx
cc1plus: warning: command line option '-std=c99' is valid for C/ObjC but not for C++
Linking CXX executable cmTC_1944e
/usr/bin/cmake -E cmake_link_script CMakeFiles/cmTC_1944e.dir/link.txt --verbose=1
/usr/bin/c++   -Wall -Wno-comment -Wno-reorder -Wno-unused-but-set-variable -Wno-unused-variable -Wtype-limits -std=c++11 -march=native -mfpmath=sse -mavx2 -DLV_HAVE_AVX2 -DLV_HAVE_AVX -DLV_HAVE_SSE -O3 -fno-trapping-math -fno-math-errno -DBUILD_TYPE_RELEASE -DUSE_GLIBC_IPV6 -DHAVE_VISIBILITY_HIDDEN  -Wall -Wno-comment -Wno-write-strings -Winline -Wno-unused-result -Wformat -Wmissing-field-initializers -Wtype-limits -std=c99 -D_GNU_SOURCE -O3 -fno-trapping-math -fno-math-errno -DBUILD_TYPE_RELEASE -march=native -mfpmath=sse -mavx2 -DLV_HAVE_AVX2 -DLV_HAVE_AVX -DLV_HAVE_SSE -mfma -DLV_HAVE_FMA -Ofast -funroll-loops    -rdynamic CMakeFiles/cmTC_1944e.dir/src.cxx.o  -o cmTC_1944e 
make[1]: Leaving directory '/home/ggarcia/srsLTE/build/CMakeFiles/CMakeTmp'

Source file was:
int main() { return 0; }
